\begin{figure}[h!]
\centering
\begin{minted}
[
framesep=2mm,
baselinestretch=1.2,
bgcolor=LightGray,
fontsize=\footnotesize,
breaklines=true
]{text}
EXPLAIN SELECT C.C_NAME, SUM(O.O_TOTALPRICE) AS TOTAL_ORDER_VALUE FROM Customer C JOIN Orders O ON C.C_CUSTKEY = O.O_CUSTKEY GROUP BY C.C_NAME ORDER BY TOTAL_ORDER_VALUE DESC LIMIT 5;
                                        QUERY PLAN
----------------------------------------------------------------
Limit  (cost=2179.20..2179.20 rows=1 width=100)
  ->  Sort  (cost=2179.20..2179.20 rows=1 width=100)
        Sort Key: (sum(o.o_totalprice)) DESC
        ->  GroupAggregate  (cost=2179.16..2179.19 rows=1 width=100)
              Group Key: c.c_name
              ->  Sort  (cost=2179.16..2179.17 rows=1 width=86)
                    Sort Key: c.c_name
                    ->  Nested Loop  (cost=0.12..2179.15 rows=1 width=86)
                          Join Filter: (c.c_custkey = o.o_custkey)
                          ->  Index Scan using customer_pkey on customer c  (cost=0.12..8.14 rows=1 width=72)
                          ->  Seq Scan on orders o  (cost=0.00..2171.00 rows=1 width=22)
\end{minted}
\caption[Query Plan for Database: pgSemiRawFkPk and Q10.]{Query Plan for Database: pgSemiRawFkPk and Q10. Query over the TPC-H dataset with the \acrshort{sf} 0.1.}
\label{fig:explain-q10-db6}
\end{figure}