\begin{figure}[h!]
\centering
\begin{minted}
[
framesep=2mm,
baselinestretch=1.2,
bgcolor=LightGray,
fontsize=\footnotesize,
breaklines=true
]{text}
EXPLAIN SELECT C.C_NAME FROM Customer C WHERE EXISTS (SELECT 1 FROM Orders O WHERE O.O_CUSTKEY = C.C_CUSTKEY AND O.O_TOTALPRICE > 50000);
                                        QUERY PLAN
----------------------------------------------------------------
Nested Loop Semi Join  (cost=0.12..2179.16 rows=1 width=68)
  Join Filter: (c.c_custkey = o.o_custkey)
  ->  Index Scan using customer_pkey on customer c  (cost=0.12..8.14 rows=1 width=72)
  ->  Materialize  (cost=0.00..2171.01 rows=1 width=4)
        ->  Seq Scan on orders o  (cost=0.00..2171.00 rows=1 width=4)
              Filter: (o_totalprice > 50000'::numeric)'
\end{minted}
\caption[Query Plan for Database: pgSemiRawPk and Q8.]{Query Plan for Database: pgSemiRawPk and Q8. Query over the TPC-H dataset with the \acrshort{sf} 0.1.}
\label{fig:explain-q8-db2}
\end{figure}