\begin{figure}[h!]
\centering
\begin{minted}
[
framesep=2mm,
baselinestretch=1.2,
bgcolor=LightGray,
fontsize=\footnotesize,
breaklines=true
]{text}
EXPLAIN SELECT P.P_PARTKEY, SUM(PS.PS_SUPPLYCOST) AS TOTAL_SUPPLY_COST FROM Part P JOIN Partsupp PS ON P.P_PARTKEY = PS.PS_PARTKEY GROUP BY P.P_PARTKEY;
                                        QUERY PLAN
----------------------------------------------------------------
HashAggregate  (cost=0.02..0.03 rows=1 width=36)
  Group Key: p.p_partkey
  ->  Nested Loop  (cost=0.00..0.01 rows=1 width=22)
        Join Filter: (p.p_partkey = ps.ps_partkey)
        ->  Seq Scan on part p  (cost=0.00..0.00 rows=1 width=4)
        ->  Seq Scan on partsupp ps  (cost=0.00..0.00 rows=1 width=22)
\end{minted}
\caption[Query Plan for Database: pgSemiRawFk and Q5.]{Query Plan for Database: pgSemiRawFk and Q5. Query over the TPC-H dataset with the \acrshort{sf} 0.1.}
\label{fig:explain-q5-db5}
\end{figure}