\begin{figure}[h!]
\centering
\begin{minted}
[
framesep=2mm,
baselinestretch=1.2,
bgcolor=LightGray,
fontsize=\footnotesize,
breaklines=true
]{text}
EXPLAIN SELECT S.S_NAME, SUM(PS.PS_SUPPLYCOST) AS TOTAL_SUPPLY_COST, RANK() OVER (ORDER BY SUM(PS.PS_SUPPLYCOST) DESC) AS RANK FROM Supplier S JOIN Partsupp PS ON S.S_SUPPKEY = PS.PS_SUPPKEY GROUP BY S.S_NAME;
                                        QUERY PLAN
----------------------------------------------------------------
WindowAgg  (cost=16.34..16.36 rows=1 width=144)
  ->  Sort  (cost=16.34..16.34 rows=1 width=136)
        Sort Key: (sum(ps.ps_supplycost)) DESC
        ->  GroupAggregate  (cost=16.30..16.33 rows=1 width=136)
              Group Key: s.s_name
              ->  Sort  (cost=16.30..16.31 rows=1 width=122)
                    Sort Key: s.s_name
                    ->  Nested Loop  (cost=0.25..16.29 rows=1 width=122)
                          ->  Index Scan using supplier_pkey on supplier s  (cost=0.12..8.14 rows=1 width=108)
                          ->  Index Scan using partsupp_pkey on partsupp ps  (cost=0.12..8.14 rows=1 width=22)
                                Index Cond: (ps_suppkey = s.s_suppkey)
\end{minted}
\caption[Query Plan for Database: pgSemiRawPk and Q9.]{Query Plan for Database: pgSemiRawPk and Q9. Query over the TPC-H dataset with the \acrshort{sf} 0.1.}
\label{fig:explain-q9-db2}
\end{figure}