\begin{figure}[h!]
\centering
\begin{minted}
[
framesep=2mm,
baselinestretch=1.2,
bgcolor=LightGray,
fontsize=\footnotesize,
breaklines=true
]{text}
EXPLAIN SELECT C.C_NAME, SUM(O.O_TOTALPRICE) AS TOTAL_ORDER_VALUE FROM Customer C JOIN Orders O ON C.C_CUSTKEY = O.O_CUSTKEY GROUP BY C.C_NAME ORDER BY TOTAL_ORDER_VALUE DESC LIMIT 5;
                                        QUERY PLAN
----------------------------------------------------------------
Limit  (cost=8490.06..8490.06 rows=1 width=64)
  ->  Sort  (cost=8490.06..8490.06 rows=1 width=64)
        Sort Key: (sum(o.o_totalprice)) DESC
        ->  GroupAggregate  (cost=8490.02..8490.05 rows=1 width=64)
              Group Key: c.c_name
              ->  Sort  (cost=8490.02..8490.03 rows=1 width=50)
                    Sort Key: c.c_name
                    ->  Nested Loop  (cost=0.00..8490.01 rows=1 width=50)
                          Join Filter: (c.c_custkey = o.o_custkey)
                          ->  Seq Scan on customer c  (cost=0.00..6319.00 rows=1 width=36)
                          ->  Seq Scan on orders o  (cost=0.00..2171.00 rows=1 width=22)
\end{minted}
\caption[Query Plan for Database: pgRaw and Q10.]{Query Plan for Database: pgRaw and Q10. Query over the TPC-H dataset with the \acrshort{sf} 0.1.}
\label{fig:explain-q10-db1}
\end{figure}