\begin{figure}[h!]
\centering
\begin{minted}
[
framesep=2mm,
baselinestretch=1.2,
bgcolor=LightGray,
fontsize=\footnotesize,
breaklines=true
]{text}
EXPLAIN SELECT P.P_NAME, S.S_NAME, PS.PS_SUPPLYCOST FROM Part P JOIN Partsupp PS ON P.P_PARTKEY = PS.PS_PARTKEY JOIN Supplier S ON PS.PS_SUPPKEY = S.S_SUPPKEY JOIN Nation N ON S.S_NATIONKEY = N.N_NATIONKEY WHERE N.N_REGIONKEY = 2;
                                        QUERY PLAN
----------------------------------------------------------------
Nested Loop  (cost=0.38..24.46 rows=1 width=250)
  Join Filter: (s.s_nationkey = n.n_nationkey)
  ->  Nested Loop  (cost=0.38..24.44 rows=1 width=254)
        Join Filter: (ps.ps_suppkey = s.s_suppkey)
        ->  Nested Loop  (cost=0.25..16.29 rows=1 width=150)
              Join Filter: (p.p_partkey = ps.ps_partkey)
              ->  Index Scan using part_pkey on part p  (cost=0.12..8.14 rows=1 width=132)
              ->  Index Scan using partsupp_pkey on partsupp ps  (cost=0.12..8.14 rows=1 width=26)
        ->  Index Scan using supplier_pkey on supplier s  (cost=0.12..8.14 rows=1 width=112)
  ->  Seq Scan on nation n  (cost=0.00..0.00 rows=1 width=4)
        Filter: (n_regionkey = 2)
\end{minted}
\caption[Query Plan for Database: pgSemiRawNullValue and Q4.]{Query Plan for Database: pgSemiRawNullValue and Q4. Query over the TPC-H dataset with the \acrshort{sf} 0.1.}
\label{fig:explain-q4-db3}
\end{figure}